<?xml version="1.0" encoding="UTF-8"?>
<!-- Generated by org.testng.reporters.JUnitXMLReporter -->
<testsuite ignored="2" hostname="DESKTOP-BPUJLE2" failures="1" tests="1" name="Default test" time="15.648" errors="0" timestamp="2024-09-25T18:48:32 ICT">
  <testcase classname="automation.testsuite.BAT_NewsTest" name="verifyNewsPage2" time="5.16">
    <failure type="org.openqa.selenium.ElementClickInterceptedException" message="element click intercepted: Element &amp;lt;a data-v-54ae511a=&amp;quot;&amp;quot; href=&amp;quot;javascript:;&amp;quot; class=&amp;quot;font-medium leading-7 xs:leading-8 transition-all duration-200 ease-in-out text-center mx-1.5 text-sm text-grey-500 bg-grey-100 rounded-full w-7 h-7 xs:w-8 xs:h-8 hover:text-white hover:bg-maroon-500&amp;quot;&amp;gt;...&amp;lt;/a&amp;gt; is not clickable at point (773, 16). Other element would receive the click: &amp;lt;div class=&amp;quot;bg-[#FFA800] w-[42px] h-[42px] rounded-r flex items-center justify-center cursor-pointer&amp;quot; data-v-79819f40=&amp;quot;&amp;quot;&amp;gt;...&amp;lt;/div&amp;gt;
  (Session info: chrome=129.0.6668.70)
Build info: version: &amp;apos;4.11.0&amp;apos;, revision: &amp;apos;040bc5406b&amp;apos;
System info: os.name: &amp;apos;Windows 11&amp;apos;, os.arch: &amp;apos;amd64&amp;apos;, os.version: &amp;apos;10.0&amp;apos;, java.version: &amp;apos;22.0.1&amp;apos;
Driver info: org.openqa.selenium.chrome.ChromeDriver
Command: [d83194de76f32cf6def476eb647aa011, clickElement {id=f.D5AAEDA53A31568BB27EBCCFDA969F3D.d.E42630CA07BFE7D944937B2AC226C9C2.e.11364}]
Capabilities {acceptInsecureCerts: false, browserName: chrome, browserVersion: 129.0.6668.70, chrome: {chromedriverVersion: 129.0.6668.58 (81a06fb873a9..., userDataDir: C:\Users\DELL\AppData\Local...}, fedcm:accounts: true, goog:chromeOptions: {debuggerAddress: localhost:56939}, networkConnectionEnabled: false, pageLoadStrategy: normal, platformName: windows, proxy: Proxy(), se:cdp: ws://localhost:56939/devtoo..., se:cdpVersion: 129.0.6668.70, setWindowRect: true, strictFileInteractability: false, timeouts: {implicit: 0, pageLoad: 300000, script: 30000}, unhandledPromptBehavior: dismiss and notify, webauthn:extension:credBlob: true, webauthn:extension:largeBlob: true, webauthn:extension:minPinLength: true, webauthn:extension:prf: true, webauthn:virtualAuthenticators: true}
Element: [[ChromeDriver: chrome on windows (d83194de76f32cf6def476eb647aa011)] -&amp;gt; xpath: (//a[@class=&amp;apos;font-medium leading-7 xs:leading-8 transition-all duration-200 ease-in-out text-center mx-1.5 text-sm text-grey-500 bg-grey-100 rounded-full w-7 h-7 xs:w-8 xs:h-8 hover:text-white hover:bg-maroon-500&amp;apos;])[1]]
Session ID: d83194de76f32cf6def476eb647aa011">
      <![CDATA[org.openqa.selenium.ElementClickInterceptedException: element click intercepted: Element <a data-v-54ae511a="" href="javascript:;" class="font-medium leading-7 xs:leading-8 transition-all duration-200 ease-in-out text-center mx-1.5 text-sm text-grey-500 bg-grey-100 rounded-full w-7 h-7 xs:w-8 xs:h-8 hover:text-white hover:bg-maroon-500">...</a> is not clickable at point (773, 16). Other element would receive the click: <div class="bg-[#FFA800] w-[42px] h-[42px] rounded-r flex items-center justify-center cursor-pointer" data-v-79819f40="">...</div>
  (Session info: chrome=129.0.6668.70)
Build info: version: '4.11.0', revision: '040bc5406b'
System info: os.name: 'Windows 11', os.arch: 'amd64', os.version: '10.0', java.version: '22.0.1'
Driver info: org.openqa.selenium.chrome.ChromeDriver
Command: [d83194de76f32cf6def476eb647aa011, clickElement {id=f.D5AAEDA53A31568BB27EBCCFDA969F3D.d.E42630CA07BFE7D944937B2AC226C9C2.e.11364}]
Capabilities {acceptInsecureCerts: false, browserName: chrome, browserVersion: 129.0.6668.70, chrome: {chromedriverVersion: 129.0.6668.58 (81a06fb873a9..., userDataDir: C:\Users\DELL\AppData\Local...}, fedcm:accounts: true, goog:chromeOptions: {debuggerAddress: localhost:56939}, networkConnectionEnabled: false, pageLoadStrategy: normal, platformName: windows, proxy: Proxy(), se:cdp: ws://localhost:56939/devtoo..., se:cdpVersion: 129.0.6668.70, setWindowRect: true, strictFileInteractability: false, timeouts: {implicit: 0, pageLoad: 300000, script: 30000}, unhandledPromptBehavior: dismiss and notify, webauthn:extension:credBlob: true, webauthn:extension:largeBlob: true, webauthn:extension:minPinLength: true, webauthn:extension:prf: true, webauthn:virtualAuthenticators: true}
Element: [[ChromeDriver: chrome on windows (d83194de76f32cf6def476eb647aa011)] -> xpath: (//a[@class='font-medium leading-7 xs:leading-8 transition-all duration-200 ease-in-out text-center mx-1.5 text-sm text-grey-500 bg-grey-100 rounded-full w-7 h-7 xs:w-8 xs:h-8 hover:text-white hover:bg-maroon-500'])[1]]
Session ID: d83194de76f32cf6def476eb647aa011
at java.base/jdk.internal.reflect.DirectConstructorHandleAccessor.newInstance(DirectConstructorHandleAccessor.java:62)
at java.base/java.lang.reflect.Constructor.newInstanceWithCaller(Constructor.java:502)
at java.base/java.lang.reflect.Constructor.newInstance(Constructor.java:486)
at org.openqa.selenium.remote.codec.w3c.W3CHttpResponseCodec.createException(W3CHttpResponseCodec.java:200)
at org.openqa.selenium.remote.codec.w3c.W3CHttpResponseCodec.decode(W3CHttpResponseCodec.java:133)
at org.openqa.selenium.remote.codec.w3c.W3CHttpResponseCodec.decode(W3CHttpResponseCodec.java:52)
at org.openqa.selenium.remote.HttpCommandExecutor.execute(HttpCommandExecutor.java:191)
at org.openqa.selenium.remote.service.DriverCommandExecutor.invokeExecute(DriverCommandExecutor.java:196)
at org.openqa.selenium.remote.service.DriverCommandExecutor.execute(DriverCommandExecutor.java:171)
at org.openqa.selenium.remote.RemoteWebDriver.execute(RemoteWebDriver.java:518)
at org.openqa.selenium.remote.RemoteWebElement.execute(RemoteWebElement.java:224)
at org.openqa.selenium.remote.RemoteWebElement.click(RemoteWebElement.java:77)
at java.base/jdk.internal.reflect.DirectMethodHandleAccessor.invoke(DirectMethodHandleAccessor.java:103)
at java.base/java.lang.reflect.Method.invoke(Method.java:580)
at org.openqa.selenium.support.pagefactory.internal.LocatingElementHandler.invoke(LocatingElementHandler.java:51)
at jdk.proxy2/jdk.proxy2.$Proxy18.click(Unknown Source)
at automation.page.BAT_News.page2(BAT_News.java:101)
at automation.testsuite.BAT_NewsTest.verifyNewsPage2(BAT_NewsTest.java:64)
at java.base/jdk.internal.reflect.DirectMethodHandleAccessor.invoke(DirectMethodHandleAccessor.java:103)
at java.base/java.lang.reflect.Method.invoke(Method.java:580)
at org.testng.internal.MethodInvocationHelper.invokeMethod(MethodInvocationHelper.java:133)
at org.testng.internal.TestInvoker.invokeMethod(TestInvoker.java:598)
at org.testng.internal.TestInvoker.invokeTestMethod(TestInvoker.java:173)
at org.testng.internal.MethodRunner.runInSequence(MethodRunner.java:46)
at org.testng.internal.TestInvoker$MethodInvocationAgent.invoke(TestInvoker.java:824)
at org.testng.internal.TestInvoker.invokeTestMethods(TestInvoker.java:146)
at org.testng.internal.TestMethodWorker.invokeTestMethods(TestMethodWorker.java:146)
at org.testng.internal.TestMethodWorker.run(TestMethodWorker.java:128)
at java.base/java.util.ArrayList.forEach(ArrayList.java:1597)
at org.testng.TestRunner.privateRun(TestRunner.java:794)
at org.testng.TestRunner.run(TestRunner.java:596)
at org.testng.SuiteRunner.runTest(SuiteRunner.java:377)
at org.testng.SuiteRunner.runSequentially(SuiteRunner.java:371)
at org.testng.SuiteRunner.privateRun(SuiteRunner.java:332)
at org.testng.SuiteRunner.run(SuiteRunner.java:276)
at org.testng.SuiteRunnerWorker.runSuite(SuiteRunnerWorker.java:53)
at org.testng.SuiteRunnerWorker.run(SuiteRunnerWorker.java:96)
at org.testng.TestNG.runSuitesSequentially(TestNG.java:1212)
at org.testng.TestNG.runSuitesLocally(TestNG.java:1134)
at org.testng.TestNG.runSuites(TestNG.java:1063)
at org.testng.TestNG.run(TestNG.java:1031)
at org.testng.remote.AbstractRemoteTestNG.run(AbstractRemoteTestNG.java:115)
at org.testng.remote.RemoteTestNG.initAndRun(RemoteTestNG.java:293)
at org.testng.remote.RemoteTestNG.main(RemoteTestNG.java:91)
]]>
    </failure>
  </testcase> <!-- verifyNewsPage2 -->
  <testcase classname="automation.testsuite.BAT_NewsTest" name="newsDateSortTrue" time="0.0">
    <ignored/>
  </testcase> <!-- newsDateSortTrue -->
  <testcase classname="automation.testsuite.BAT_NewsTest" name="openNewsPageSuccessfully" time="0.0">
    <ignored/>
  </testcase> <!-- openNewsPageSuccessfully -->
</testsuite> <!-- Default test -->
